  [1m[36m (3.7ms)[0m  [1mCREATE TABLE "schema_migrations" ("version" character varying NOT NULL) [0m
  [1m[35m (1.2ms)[0m  CREATE UNIQUE INDEX  "unique_schema_migrations" ON "schema_migrations"  ("version")
  [1m[36mActiveRecord::SchemaMigration Load (0.3ms)[0m  [1mSELECT "schema_migrations".* FROM "schema_migrations"[0m
Migrating to CreateUsers (20160804124114)
  [1m[35m (0.2ms)[0m  BEGIN
  [1m[36m (4.4ms)[0m  [1mCREATE TABLE "users" ("id" serial primary key, "first_name" character varying, "last_name" character varying, "phone_number" character varying, "email" character varying, "employee_number" character varying, "organization_id" integer, "role" character varying, "created_at" timestamp NOT NULL, "updated_at" timestamp NOT NULL) [0m
  [1m[35mSQL (0.5ms)[0m  INSERT INTO "schema_migrations" ("version") VALUES ($1)  [["version", "20160804124114"]]
  [1m[36m (0.4ms)[0m  [1mCOMMIT[0m
  [1m[35mActiveRecord::SchemaMigration Load (0.2ms)[0m  SELECT "schema_migrations".* FROM "schema_migrations"
  [1m[36m (3.4ms)[0m  [1mSELECT t2.oid::regclass::text AS to_table, a1.attname AS column, a2.attname AS primary_key, c.conname AS name, c.confupdtype AS on_update, c.confdeltype AS on_delete
FROM pg_constraint c
JOIN pg_class t1 ON c.conrelid = t1.oid
JOIN pg_class t2 ON c.confrelid = t2.oid
JOIN pg_attribute a1 ON a1.attnum = c.conkey[1] AND a1.attrelid = t1.oid
JOIN pg_attribute a2 ON a2.attnum = c.confkey[1] AND a2.attrelid = t2.oid
JOIN pg_namespace t3 ON c.connamespace = t3.oid
WHERE c.contype = 'f'
  AND t1.relname = 'users'
  AND t3.nspname = ANY (current_schemas(false))
ORDER BY c.conname
[0m
  [1m[36m (116.7ms)[0m  [1mDROP DATABASE IF EXISTS "dummy_test"[0m
  [1m[35m (234.5ms)[0m  CREATE DATABASE "dummy_test" ENCODING = 'unicode'
  [1m[36mSQL (0.8ms)[0m  [1mCREATE EXTENSION IF NOT EXISTS "plpgsql"[0m
  [1m[35m (5.3ms)[0m  CREATE TABLE "users" ("id" serial primary key, "first_name" character varying, "last_name" character varying, "phone_number" character varying, "email" character varying, "employee_number" character varying, "organization_id" integer, "role" character varying, "created_at" timestamp NOT NULL, "updated_at" timestamp NOT NULL) 
  [1m[36m (2.3ms)[0m  [1mCREATE TABLE "schema_migrations" ("version" character varying NOT NULL) [0m
  [1m[35m (1.2ms)[0m  CREATE UNIQUE INDEX  "unique_schema_migrations" ON "schema_migrations"  ("version")
  [1m[36m (0.4ms)[0m  [1mSELECT version FROM "schema_migrations"[0m
  [1m[35m (0.4ms)[0m  INSERT INTO "schema_migrations" (version) VALUES ('20160804124114')
  [1m[36m (118.3ms)[0m  [1mDROP DATABASE IF EXISTS "dummy_test"[0m
  [1m[35m (234.5ms)[0m  CREATE DATABASE "dummy_test" ENCODING = 'unicode'
  [1m[36mSQL (0.3ms)[0m  [1mCREATE EXTENSION IF NOT EXISTS "plpgsql"[0m
  [1m[35m (6.2ms)[0m  CREATE TABLE "users" ("id" serial primary key, "first_name" character varying, "last_name" character varying, "phone_number" character varying, "email" character varying, "employee_number" character varying, "organization_id" integer, "role" character varying, "created_at" timestamp NOT NULL, "updated_at" timestamp NOT NULL) 
  [1m[36m (2.0ms)[0m  [1mCREATE TABLE "schema_migrations" ("version" character varying NOT NULL) [0m
  [1m[35m (1.1ms)[0m  CREATE UNIQUE INDEX  "unique_schema_migrations" ON "schema_migrations"  ("version")
  [1m[36m (0.4ms)[0m  [1mSELECT version FROM "schema_migrations"[0m
  [1m[35m (0.4ms)[0m  INSERT INTO "schema_migrations" (version) VALUES ('20160804124114')
  [1m[36m (118.2ms)[0m  [1mDROP DATABASE IF EXISTS "dummy_test"[0m
  [1m[35m (235.2ms)[0m  CREATE DATABASE "dummy_test" ENCODING = 'unicode'
  [1m[36mSQL (0.3ms)[0m  [1mCREATE EXTENSION IF NOT EXISTS "plpgsql"[0m
  [1m[35m (5.6ms)[0m  CREATE TABLE "users" ("id" serial primary key, "first_name" character varying, "last_name" character varying, "phone_number" character varying, "email" character varying, "employee_number" character varying, "organization_id" integer, "role" character varying, "created_at" timestamp NOT NULL, "updated_at" timestamp NOT NULL) 
  [1m[36m (2.0ms)[0m  [1mCREATE TABLE "schema_migrations" ("version" character varying NOT NULL) [0m
  [1m[35m (1.0ms)[0m  CREATE UNIQUE INDEX  "unique_schema_migrations" ON "schema_migrations"  ("version")
  [1m[36m (0.3ms)[0m  [1mSELECT version FROM "schema_migrations"[0m
  [1m[35m (0.4ms)[0m  INSERT INTO "schema_migrations" (version) VALUES ('20160804124114')
  [1m[36m (118.0ms)[0m  [1mDROP DATABASE IF EXISTS "dummy_test"[0m
  [1m[35m (233.3ms)[0m  CREATE DATABASE "dummy_test" ENCODING = 'unicode'
  [1m[36mSQL (0.3ms)[0m  [1mCREATE EXTENSION IF NOT EXISTS "plpgsql"[0m
  [1m[35m (5.4ms)[0m  CREATE TABLE "users" ("id" serial primary key, "first_name" character varying, "last_name" character varying, "phone_number" character varying, "email" character varying, "employee_number" character varying, "organization_id" integer, "role" character varying, "created_at" timestamp NOT NULL, "updated_at" timestamp NOT NULL) 
  [1m[36m (2.6ms)[0m  [1mCREATE TABLE "schema_migrations" ("version" character varying NOT NULL) [0m
  [1m[35m (1.2ms)[0m  CREATE UNIQUE INDEX  "unique_schema_migrations" ON "schema_migrations"  ("version")
  [1m[36m (0.3ms)[0m  [1mSELECT version FROM "schema_migrations"[0m
  [1m[35m (0.4ms)[0m  INSERT INTO "schema_migrations" (version) VALUES ('20160804124114')
  [1m[36m (118.2ms)[0m  [1mDROP DATABASE IF EXISTS "dummy_test"[0m
  [1m[35m (235.0ms)[0m  CREATE DATABASE "dummy_test" ENCODING = 'unicode'
  [1m[36mSQL (0.3ms)[0m  [1mCREATE EXTENSION IF NOT EXISTS "plpgsql"[0m
  [1m[35m (6.5ms)[0m  CREATE TABLE "users" ("id" serial primary key, "first_name" character varying, "last_name" character varying, "phone_number" character varying, "email" character varying, "employee_number" character varying, "organization_id" integer, "role" character varying, "created_at" timestamp NOT NULL, "updated_at" timestamp NOT NULL) 
  [1m[36m (2.2ms)[0m  [1mCREATE TABLE "schema_migrations" ("version" character varying NOT NULL) [0m
  [1m[35m (1.1ms)[0m  CREATE UNIQUE INDEX  "unique_schema_migrations" ON "schema_migrations"  ("version")
  [1m[36m (0.3ms)[0m  [1mSELECT version FROM "schema_migrations"[0m
  [1m[35m (0.4ms)[0m  INSERT INTO "schema_migrations" (version) VALUES ('20160804124114')
  [1m[36m (118.4ms)[0m  [1mDROP DATABASE IF EXISTS "dummy_test"[0m
  [1m[35m (236.2ms)[0m  CREATE DATABASE "dummy_test" ENCODING = 'unicode'
  [1m[36mSQL (0.4ms)[0m  [1mCREATE EXTENSION IF NOT EXISTS "plpgsql"[0m
  [1m[35m (5.5ms)[0m  CREATE TABLE "users" ("id" serial primary key, "first_name" character varying, "last_name" character varying, "phone_number" character varying, "email" character varying, "employee_number" character varying, "organization_id" integer, "role" character varying, "created_at" timestamp NOT NULL, "updated_at" timestamp NOT NULL) 
  [1m[36m (2.0ms)[0m  [1mCREATE TABLE "schema_migrations" ("version" character varying NOT NULL) [0m
  [1m[35m (1.1ms)[0m  CREATE UNIQUE INDEX  "unique_schema_migrations" ON "schema_migrations"  ("version")
  [1m[36m (0.3ms)[0m  [1mSELECT version FROM "schema_migrations"[0m
  [1m[35m (0.4ms)[0m  INSERT INTO "schema_migrations" (version) VALUES ('20160804124114')
  [1m[36mActiveRecord::SchemaMigration Load (0.5ms)[0m  [1mSELECT "schema_migrations".* FROM "schema_migrations"[0m
  [1m[35mActiveRecord::SchemaMigration Load (0.2ms)[0m  SELECT "schema_migrations".* FROM "schema_migrations"
Migrating to CreateUsers (20160804124114)
  [1m[36m (0.1ms)[0m  [1mBEGIN[0m
  [1m[35m (2.1ms)[0m  DROP TABLE "users"
  [1m[36mSQL (0.3ms)[0m  [1mDELETE FROM "schema_migrations" WHERE "schema_migrations"."version" = $1[0m  [["version", "20160804124114"]]
  [1m[35m (1.9ms)[0m  COMMIT
  [1m[36mActiveRecord::SchemaMigration Load (0.3ms)[0m  [1mSELECT "schema_migrations".* FROM "schema_migrations"[0m
  [1m[36m (117.7ms)[0m  [1mDROP DATABASE IF EXISTS "dummy_test"[0m
  [1m[35m (233.5ms)[0m  CREATE DATABASE "dummy_test" ENCODING = 'unicode'
  [1m[36mSQL (0.3ms)[0m  [1mCREATE EXTENSION IF NOT EXISTS "plpgsql"[0m
  [1m[35m (3.4ms)[0m  CREATE TABLE "schema_migrations" ("version" character varying NOT NULL) 
  [1m[36m (1.1ms)[0m  [1mCREATE UNIQUE INDEX  "unique_schema_migrations" ON "schema_migrations"  ("version")[0m
  [1m[35m (0.3ms)[0m  SELECT version FROM "schema_migrations"
  [1m[36m (0.5ms)[0m  [1mINSERT INTO "schema_migrations" (version) VALUES ('0')[0m
  [1m[36m (117.2ms)[0m  [1mDROP DATABASE IF EXISTS "dummy_test"[0m
  [1m[35m (236.7ms)[0m  CREATE DATABASE "dummy_test" ENCODING = 'unicode'
  [1m[36mSQL (0.3ms)[0m  [1mCREATE EXTENSION IF NOT EXISTS "plpgsql"[0m
  [1m[35m (3.1ms)[0m  CREATE TABLE "schema_migrations" ("version" character varying NOT NULL) 
  [1m[36m (1.1ms)[0m  [1mCREATE UNIQUE INDEX  "unique_schema_migrations" ON "schema_migrations"  ("version")[0m
  [1m[35m (0.4ms)[0m  SELECT version FROM "schema_migrations"
  [1m[36m (0.4ms)[0m  [1mINSERT INTO "schema_migrations" (version) VALUES ('0')[0m
  [1m[36m (118.1ms)[0m  [1mDROP DATABASE IF EXISTS "dummy_test"[0m
  [1m[35m (236.6ms)[0m  CREATE DATABASE "dummy_test" ENCODING = 'unicode'
  [1m[36mSQL (0.3ms)[0m  [1mCREATE EXTENSION IF NOT EXISTS "plpgsql"[0m
  [1m[35m (3.4ms)[0m  CREATE TABLE "schema_migrations" ("version" character varying NOT NULL) 
  [1m[36m (1.1ms)[0m  [1mCREATE UNIQUE INDEX  "unique_schema_migrations" ON "schema_migrations"  ("version")[0m
  [1m[35m (0.3ms)[0m  SELECT version FROM "schema_migrations"
  [1m[36m (0.4ms)[0m  [1mINSERT INTO "schema_migrations" (version) VALUES ('0')[0m
  [1m[36m (117.5ms)[0m  [1mDROP DATABASE IF EXISTS "dummy_test"[0m
  [1m[35m (238.6ms)[0m  CREATE DATABASE "dummy_test" ENCODING = 'unicode'
  [1m[36mSQL (0.3ms)[0m  [1mCREATE EXTENSION IF NOT EXISTS "plpgsql"[0m
  [1m[35m (15.6ms)[0m  CREATE TABLE "schema_migrations" ("version" character varying NOT NULL) 
  [1m[36m (2.0ms)[0m  [1mCREATE UNIQUE INDEX  "unique_schema_migrations" ON "schema_migrations"  ("version")[0m
  [1m[35m (0.7ms)[0m  SELECT version FROM "schema_migrations"
  [1m[36m (0.7ms)[0m  [1mINSERT INTO "schema_migrations" (version) VALUES ('0')[0m
  [1m[36m (121.3ms)[0m  [1mDROP DATABASE IF EXISTS "dummy_test"[0m
  [1m[35m (235.6ms)[0m  CREATE DATABASE "dummy_test" ENCODING = 'unicode'
  [1m[36mSQL (0.3ms)[0m  [1mCREATE EXTENSION IF NOT EXISTS "plpgsql"[0m
  [1m[35m (3.2ms)[0m  CREATE TABLE "schema_migrations" ("version" character varying NOT NULL) 
  [1m[36m (1.1ms)[0m  [1mCREATE UNIQUE INDEX  "unique_schema_migrations" ON "schema_migrations"  ("version")[0m
  [1m[35m (0.3ms)[0m  SELECT version FROM "schema_migrations"
  [1m[36m (0.4ms)[0m  [1mINSERT INTO "schema_migrations" (version) VALUES ('0')[0m
  [1m[36m (117.6ms)[0m  [1mDROP DATABASE IF EXISTS "dummy_test"[0m
  [1m[35m (230.2ms)[0m  CREATE DATABASE "dummy_test" ENCODING = 'unicode'
  [1m[36mSQL (0.3ms)[0m  [1mCREATE EXTENSION IF NOT EXISTS "plpgsql"[0m
  [1m[35m (3.1ms)[0m  CREATE TABLE "schema_migrations" ("version" character varying NOT NULL) 
  [1m[36m (1.1ms)[0m  [1mCREATE UNIQUE INDEX  "unique_schema_migrations" ON "schema_migrations"  ("version")[0m
  [1m[35m (0.3ms)[0m  SELECT version FROM "schema_migrations"
  [1m[36m (0.4ms)[0m  [1mINSERT INTO "schema_migrations" (version) VALUES ('0')[0m
  [1m[36m (117.1ms)[0m  [1mDROP DATABASE IF EXISTS "dummy_test"[0m
  [1m[35m (237.7ms)[0m  CREATE DATABASE "dummy_test" ENCODING = 'unicode'
  [1m[36mSQL (0.3ms)[0m  [1mCREATE EXTENSION IF NOT EXISTS "plpgsql"[0m
  [1m[35m (3.6ms)[0m  CREATE TABLE "schema_migrations" ("version" character varying NOT NULL) 
  [1m[36m (1.2ms)[0m  [1mCREATE UNIQUE INDEX  "unique_schema_migrations" ON "schema_migrations"  ("version")[0m
  [1m[35m (0.4ms)[0m  SELECT version FROM "schema_migrations"
  [1m[36m (0.5ms)[0m  [1mINSERT INTO "schema_migrations" (version) VALUES ('0')[0m
  [1m[36m (117.6ms)[0m  [1mDROP DATABASE IF EXISTS "dummy_test"[0m
  [1m[35m (234.3ms)[0m  CREATE DATABASE "dummy_test" ENCODING = 'unicode'
  [1m[36mSQL (0.3ms)[0m  [1mCREATE EXTENSION IF NOT EXISTS "plpgsql"[0m
  [1m[35m (3.5ms)[0m  CREATE TABLE "schema_migrations" ("version" character varying NOT NULL) 
  [1m[36m (1.1ms)[0m  [1mCREATE UNIQUE INDEX  "unique_schema_migrations" ON "schema_migrations"  ("version")[0m
  [1m[35m (0.3ms)[0m  SELECT version FROM "schema_migrations"
  [1m[36m (0.4ms)[0m  [1mINSERT INTO "schema_migrations" (version) VALUES ('0')[0m
  [1m[36m (117.9ms)[0m  [1mDROP DATABASE IF EXISTS "dummy_test"[0m
  [1m[35m (230.7ms)[0m  CREATE DATABASE "dummy_test" ENCODING = 'unicode'
  [1m[36mSQL (0.3ms)[0m  [1mCREATE EXTENSION IF NOT EXISTS "plpgsql"[0m
  [1m[35m (3.3ms)[0m  CREATE TABLE "schema_migrations" ("version" character varying NOT NULL) 
  [1m[36m (1.1ms)[0m  [1mCREATE UNIQUE INDEX  "unique_schema_migrations" ON "schema_migrations"  ("version")[0m
  [1m[35m (0.4ms)[0m  SELECT version FROM "schema_migrations"
  [1m[36m (0.4ms)[0m  [1mINSERT INTO "schema_migrations" (version) VALUES ('0')[0m
  [1m[36m (118.0ms)[0m  [1mDROP DATABASE IF EXISTS "dummy_test"[0m
  [1m[35m (228.0ms)[0m  CREATE DATABASE "dummy_test" ENCODING = 'unicode'
  [1m[36mSQL (0.3ms)[0m  [1mCREATE EXTENSION IF NOT EXISTS "plpgsql"[0m
  [1m[35m (5.0ms)[0m  CREATE TABLE "schema_migrations" ("version" character varying NOT NULL) 
  [1m[36m (1.5ms)[0m  [1mCREATE UNIQUE INDEX  "unique_schema_migrations" ON "schema_migrations"  ("version")[0m
  [1m[35m (0.4ms)[0m  SELECT version FROM "schema_migrations"
  [1m[36m (0.5ms)[0m  [1mINSERT INTO "schema_migrations" (version) VALUES ('0')[0m
  [1m[36m (117.9ms)[0m  [1mDROP DATABASE IF EXISTS "dummy_test"[0m
  [1m[35m (231.6ms)[0m  CREATE DATABASE "dummy_test" ENCODING = 'unicode'
  [1m[36mSQL (0.3ms)[0m  [1mCREATE EXTENSION IF NOT EXISTS "plpgsql"[0m
  [1m[35m (3.1ms)[0m  CREATE TABLE "schema_migrations" ("version" character varying NOT NULL) 
  [1m[36m (1.1ms)[0m  [1mCREATE UNIQUE INDEX  "unique_schema_migrations" ON "schema_migrations"  ("version")[0m
  [1m[35m (0.3ms)[0m  SELECT version FROM "schema_migrations"
  [1m[36m (0.5ms)[0m  [1mINSERT INTO "schema_migrations" (version) VALUES ('0')[0m
  [1m[36m (116.7ms)[0m  [1mDROP DATABASE IF EXISTS "dummy_test"[0m
  [1m[35m (235.9ms)[0m  CREATE DATABASE "dummy_test" ENCODING = 'unicode'
  [1m[36mSQL (0.3ms)[0m  [1mCREATE EXTENSION IF NOT EXISTS "plpgsql"[0m
  [1m[35m (3.4ms)[0m  CREATE TABLE "schema_migrations" ("version" character varying NOT NULL) 
  [1m[36m (1.2ms)[0m  [1mCREATE UNIQUE INDEX  "unique_schema_migrations" ON "schema_migrations"  ("version")[0m
  [1m[35m (0.3ms)[0m  SELECT version FROM "schema_migrations"
  [1m[36m (0.4ms)[0m  [1mINSERT INTO "schema_migrations" (version) VALUES ('0')[0m
  [1m[36m (117.7ms)[0m  [1mDROP DATABASE IF EXISTS "dummy_test"[0m
  [1m[35m (235.1ms)[0m  CREATE DATABASE "dummy_test" ENCODING = 'unicode'
  [1m[36mSQL (0.4ms)[0m  [1mCREATE EXTENSION IF NOT EXISTS "plpgsql"[0m
  [1m[35m (3.5ms)[0m  CREATE TABLE "schema_migrations" ("version" character varying NOT NULL) 
  [1m[36m (1.3ms)[0m  [1mCREATE UNIQUE INDEX  "unique_schema_migrations" ON "schema_migrations"  ("version")[0m
  [1m[35m (0.4ms)[0m  SELECT version FROM "schema_migrations"
  [1m[36m (0.4ms)[0m  [1mINSERT INTO "schema_migrations" (version) VALUES ('0')[0m
  [1m[36m (117.4ms)[0m  [1mDROP DATABASE IF EXISTS "dummy_test"[0m
  [1m[35m (239.4ms)[0m  CREATE DATABASE "dummy_test" ENCODING = 'unicode'
  [1m[36mSQL (0.3ms)[0m  [1mCREATE EXTENSION IF NOT EXISTS "plpgsql"[0m
  [1m[35m (3.3ms)[0m  CREATE TABLE "schema_migrations" ("version" character varying NOT NULL) 
  [1m[36m (1.2ms)[0m  [1mCREATE UNIQUE INDEX  "unique_schema_migrations" ON "schema_migrations"  ("version")[0m
  [1m[35m (0.4ms)[0m  SELECT version FROM "schema_migrations"
  [1m[36m (0.5ms)[0m  [1mINSERT INTO "schema_migrations" (version) VALUES ('0')[0m
  [1m[36m (117.9ms)[0m  [1mDROP DATABASE IF EXISTS "dummy_test"[0m
  [1m[35m (242.3ms)[0m  CREATE DATABASE "dummy_test" ENCODING = 'unicode'
  [1m[36mSQL (0.3ms)[0m  [1mCREATE EXTENSION IF NOT EXISTS "plpgsql"[0m
  [1m[35m (3.5ms)[0m  CREATE TABLE "schema_migrations" ("version" character varying NOT NULL) 
  [1m[36m (1.1ms)[0m  [1mCREATE UNIQUE INDEX  "unique_schema_migrations" ON "schema_migrations"  ("version")[0m
  [1m[35m (0.3ms)[0m  SELECT version FROM "schema_migrations"
  [1m[36m (0.4ms)[0m  [1mINSERT INTO "schema_migrations" (version) VALUES ('0')[0m
  [1m[36m (117.2ms)[0m  [1mDROP DATABASE IF EXISTS "dummy_test"[0m
  [1m[35m (238.8ms)[0m  CREATE DATABASE "dummy_test" ENCODING = 'unicode'
  [1m[36mSQL (0.3ms)[0m  [1mCREATE EXTENSION IF NOT EXISTS "plpgsql"[0m
  [1m[35m (3.0ms)[0m  CREATE TABLE "schema_migrations" ("version" character varying NOT NULL) 
  [1m[36m (1.2ms)[0m  [1mCREATE UNIQUE INDEX  "unique_schema_migrations" ON "schema_migrations"  ("version")[0m
  [1m[35m (0.3ms)[0m  SELECT version FROM "schema_migrations"
  [1m[36m (0.4ms)[0m  [1mINSERT INTO "schema_migrations" (version) VALUES ('0')[0m
  [1m[36m (117.9ms)[0m  [1mDROP DATABASE IF EXISTS "dummy_test"[0m
  [1m[35m (238.9ms)[0m  CREATE DATABASE "dummy_test" ENCODING = 'unicode'
  [1m[36mSQL (0.4ms)[0m  [1mCREATE EXTENSION IF NOT EXISTS "plpgsql"[0m
  [1m[35m (3.2ms)[0m  CREATE TABLE "schema_migrations" ("version" character varying NOT NULL) 
  [1m[36m (1.2ms)[0m  [1mCREATE UNIQUE INDEX  "unique_schema_migrations" ON "schema_migrations"  ("version")[0m
  [1m[35m (0.3ms)[0m  SELECT version FROM "schema_migrations"
  [1m[36m (0.4ms)[0m  [1mINSERT INTO "schema_migrations" (version) VALUES ('0')[0m
  [1m[36m (118.3ms)[0m  [1mDROP DATABASE IF EXISTS "dummy_test"[0m
  [1m[35m (238.7ms)[0m  CREATE DATABASE "dummy_test" ENCODING = 'unicode'
  [1m[36mSQL (0.3ms)[0m  [1mCREATE EXTENSION IF NOT EXISTS "plpgsql"[0m
  [1m[35m (4.0ms)[0m  CREATE TABLE "schema_migrations" ("version" character varying NOT NULL) 
  [1m[36m (1.3ms)[0m  [1mCREATE UNIQUE INDEX  "unique_schema_migrations" ON "schema_migrations"  ("version")[0m
  [1m[35m (0.4ms)[0m  SELECT version FROM "schema_migrations"
  [1m[36m (0.6ms)[0m  [1mINSERT INTO "schema_migrations" (version) VALUES ('0')[0m
  [1m[36m (117.5ms)[0m  [1mDROP DATABASE IF EXISTS "dummy_test"[0m
  [1m[35m (235.9ms)[0m  CREATE DATABASE "dummy_test" ENCODING = 'unicode'
  [1m[36mSQL (0.4ms)[0m  [1mCREATE EXTENSION IF NOT EXISTS "plpgsql"[0m
  [1m[35m (3.3ms)[0m  CREATE TABLE "schema_migrations" ("version" character varying NOT NULL) 
  [1m[36m (1.2ms)[0m  [1mCREATE UNIQUE INDEX  "unique_schema_migrations" ON "schema_migrations"  ("version")[0m
  [1m[35m (0.4ms)[0m  SELECT version FROM "schema_migrations"
  [1m[36m (0.5ms)[0m  [1mINSERT INTO "schema_migrations" (version) VALUES ('0')[0m
  [1m[36m (118.0ms)[0m  [1mDROP DATABASE IF EXISTS "dummy_test"[0m
  [1m[35m (244.7ms)[0m  CREATE DATABASE "dummy_test" ENCODING = 'unicode'
  [1m[36mSQL (0.3ms)[0m  [1mCREATE EXTENSION IF NOT EXISTS "plpgsql"[0m
  [1m[35m (3.3ms)[0m  CREATE TABLE "schema_migrations" ("version" character varying NOT NULL) 
  [1m[36m (1.1ms)[0m  [1mCREATE UNIQUE INDEX  "unique_schema_migrations" ON "schema_migrations"  ("version")[0m
  [1m[35m (0.4ms)[0m  SELECT version FROM "schema_migrations"
  [1m[36m (0.4ms)[0m  [1mINSERT INTO "schema_migrations" (version) VALUES ('0')[0m
  [1m[36m (116.7ms)[0m  [1mDROP DATABASE IF EXISTS "dummy_test"[0m
  [1m[35m (236.4ms)[0m  CREATE DATABASE "dummy_test" ENCODING = 'unicode'
  [1m[36mSQL (0.3ms)[0m  [1mCREATE EXTENSION IF NOT EXISTS "plpgsql"[0m
  [1m[35m (3.2ms)[0m  CREATE TABLE "schema_migrations" ("version" character varying NOT NULL) 
  [1m[36m (1.1ms)[0m  [1mCREATE UNIQUE INDEX  "unique_schema_migrations" ON "schema_migrations"  ("version")[0m
  [1m[35m (0.4ms)[0m  SELECT version FROM "schema_migrations"
  [1m[36m (0.4ms)[0m  [1mINSERT INTO "schema_migrations" (version) VALUES ('0')[0m
  [1m[36m (116.9ms)[0m  [1mDROP DATABASE IF EXISTS "dummy_test"[0m
  [1m[35m (238.2ms)[0m  CREATE DATABASE "dummy_test" ENCODING = 'unicode'
  [1m[36mSQL (0.3ms)[0m  [1mCREATE EXTENSION IF NOT EXISTS "plpgsql"[0m
  [1m[35m (3.3ms)[0m  CREATE TABLE "schema_migrations" ("version" character varying NOT NULL) 
  [1m[36m (1.1ms)[0m  [1mCREATE UNIQUE INDEX  "unique_schema_migrations" ON "schema_migrations"  ("version")[0m
  [1m[35m (0.3ms)[0m  SELECT version FROM "schema_migrations"
  [1m[36m (0.4ms)[0m  [1mINSERT INTO "schema_migrations" (version) VALUES ('0')[0m
  [1m[36m (119.5ms)[0m  [1mDROP DATABASE IF EXISTS "dummy_test"[0m
  [1m[35m (237.6ms)[0m  CREATE DATABASE "dummy_test" ENCODING = 'unicode'
  [1m[36mSQL (0.3ms)[0m  [1mCREATE EXTENSION IF NOT EXISTS "plpgsql"[0m
  [1m[35m (5.2ms)[0m  CREATE TABLE "schema_migrations" ("version" character varying NOT NULL) 
  [1m[36m (1.3ms)[0m  [1mCREATE UNIQUE INDEX  "unique_schema_migrations" ON "schema_migrations"  ("version")[0m
  [1m[35m (0.4ms)[0m  SELECT version FROM "schema_migrations"
  [1m[36m (0.5ms)[0m  [1mINSERT INTO "schema_migrations" (version) VALUES ('0')[0m
  [1m[36mActiveRecord::SchemaMigration Load (0.6ms)[0m  [1mSELECT "schema_migrations".* FROM "schema_migrations"[0m
Migrating to CreateUsers (20160804125021)
  [1m[35m (0.1ms)[0m  BEGIN
  [1m[36m (5.6ms)[0m  [1mCREATE TABLE "users" ("id" serial primary key, "first_name" character varying, "last_name" character varying, "phone_number" character varying, "email" character varying, "employee_number" character varying, "organization_id" integer, "role" character varying, "created_at" timestamp NOT NULL, "updated_at" timestamp NOT NULL) [0m
  [1m[35mSQL (0.3ms)[0m  INSERT INTO "schema_migrations" ("version") VALUES ($1)  [["version", "20160804125021"]]
  [1m[36m (0.5ms)[0m  [1mCOMMIT[0m
  [1m[35mActiveRecord::SchemaMigration Load (0.2ms)[0m  SELECT "schema_migrations".* FROM "schema_migrations"
  [1m[36m (4.0ms)[0m  [1mSELECT t2.oid::regclass::text AS to_table, a1.attname AS column, a2.attname AS primary_key, c.conname AS name, c.confupdtype AS on_update, c.confdeltype AS on_delete
FROM pg_constraint c
JOIN pg_class t1 ON c.conrelid = t1.oid
JOIN pg_class t2 ON c.confrelid = t2.oid
JOIN pg_attribute a1 ON a1.attnum = c.conkey[1] AND a1.attrelid = t1.oid
JOIN pg_attribute a2 ON a2.attnum = c.confkey[1] AND a2.attrelid = t2.oid
JOIN pg_namespace t3 ON c.connamespace = t3.oid
WHERE c.contype = 'f'
  AND t1.relname = 'users'
  AND t3.nspname = ANY (current_schemas(false))
ORDER BY c.conname
[0m
  [1m[36m (117.0ms)[0m  [1mDROP DATABASE IF EXISTS "dummy_test"[0m
  [1m[35m (230.4ms)[0m  CREATE DATABASE "dummy_test" ENCODING = 'unicode'
  [1m[36mSQL (0.3ms)[0m  [1mCREATE EXTENSION IF NOT EXISTS "plpgsql"[0m
  [1m[35m (5.6ms)[0m  CREATE TABLE "users" ("id" serial primary key, "first_name" character varying, "last_name" character varying, "phone_number" character varying, "email" character varying, "employee_number" character varying, "organization_id" integer, "role" character varying, "created_at" timestamp NOT NULL, "updated_at" timestamp NOT NULL) 
  [1m[36m (2.1ms)[0m  [1mCREATE TABLE "schema_migrations" ("version" character varying NOT NULL) [0m
  [1m[35m (1.1ms)[0m  CREATE UNIQUE INDEX  "unique_schema_migrations" ON "schema_migrations"  ("version")
  [1m[36m (0.3ms)[0m  [1mSELECT version FROM "schema_migrations"[0m
  [1m[35m (0.4ms)[0m  INSERT INTO "schema_migrations" (version) VALUES ('20160804125021')
  [1m[36m (118.0ms)[0m  [1mDROP DATABASE IF EXISTS "dummy_test"[0m
  [1m[35m (241.5ms)[0m  CREATE DATABASE "dummy_test" ENCODING = 'unicode'
  [1m[36mSQL (0.3ms)[0m  [1mCREATE EXTENSION IF NOT EXISTS "plpgsql"[0m
  [1m[35m (5.5ms)[0m  CREATE TABLE "users" ("id" serial primary key, "first_name" character varying, "last_name" character varying, "phone_number" character varying, "email" character varying, "employee_number" character varying, "organization_id" integer, "role" character varying, "created_at" timestamp NOT NULL, "updated_at" timestamp NOT NULL) 
  [1m[36m (2.0ms)[0m  [1mCREATE TABLE "schema_migrations" ("version" character varying NOT NULL) [0m
  [1m[35m (1.1ms)[0m  CREATE UNIQUE INDEX  "unique_schema_migrations" ON "schema_migrations"  ("version")
  [1m[36m (0.3ms)[0m  [1mSELECT version FROM "schema_migrations"[0m
  [1m[35m (0.4ms)[0m  INSERT INTO "schema_migrations" (version) VALUES ('20160804125021')
  [1m[36m (116.7ms)[0m  [1mDROP DATABASE IF EXISTS "dummy_test"[0m
  [1m[35m (244.1ms)[0m  CREATE DATABASE "dummy_test" ENCODING = 'unicode'
  [1m[36mSQL (0.3ms)[0m  [1mCREATE EXTENSION IF NOT EXISTS "plpgsql"[0m
  [1m[35m (5.6ms)[0m  CREATE TABLE "users" ("id" serial primary key, "first_name" character varying, "last_name" character varying, "phone_number" character varying, "email" character varying, "employee_number" character varying, "organization_id" integer, "role" character varying, "created_at" timestamp NOT NULL, "updated_at" timestamp NOT NULL) 
  [1m[36m (2.1ms)[0m  [1mCREATE TABLE "schema_migrations" ("version" character varying NOT NULL) [0m
  [1m[35m (1.0ms)[0m  CREATE UNIQUE INDEX  "unique_schema_migrations" ON "schema_migrations"  ("version")
  [1m[36m (0.3ms)[0m  [1mSELECT version FROM "schema_migrations"[0m
  [1m[35m (0.4ms)[0m  INSERT INTO "schema_migrations" (version) VALUES ('20160804125021')
  [1m[36m (0.2ms)[0m  [1mDROP DATABASE IF EXISTS "dummy_test"[0m
  [1m[35m (240.6ms)[0m  CREATE DATABASE "dummy_test" ENCODING = 'unicode'
  [1m[36mSQL (0.3ms)[0m  [1mCREATE EXTENSION IF NOT EXISTS "plpgsql"[0m
  [1m[35m (5.9ms)[0m  CREATE TABLE "users" ("id" serial primary key, "first_name" character varying, "last_name" character varying, "phone_number" character varying, "email" character varying, "employee_number" character varying, "organization_id" integer, "role" character varying, "created_at" timestamp NOT NULL, "updated_at" timestamp NOT NULL) 
  [1m[36m (2.8ms)[0m  [1mCREATE TABLE "schema_migrations" ("version" character varying NOT NULL) [0m
  [1m[35m (1.2ms)[0m  CREATE UNIQUE INDEX  "unique_schema_migrations" ON "schema_migrations"  ("version")
  [1m[36m (0.4ms)[0m  [1mSELECT version FROM "schema_migrations"[0m
  [1m[35m (0.5ms)[0m  INSERT INTO "schema_migrations" (version) VALUES ('20160804125021')
  [1m[36m (118.2ms)[0m  [1mDROP DATABASE IF EXISTS "dummy_test"[0m
  [1m[35m (231.0ms)[0m  CREATE DATABASE "dummy_test" ENCODING = 'unicode'
  [1m[36mSQL (0.4ms)[0m  [1mCREATE EXTENSION IF NOT EXISTS "plpgsql"[0m
  [1m[35m (6.4ms)[0m  CREATE TABLE "users" ("id" serial primary key, "first_name" character varying, "last_name" character varying, "phone_number" character varying, "email" character varying, "employee_number" character varying, "organization_id" integer, "role" character varying, "created_at" timestamp NOT NULL, "updated_at" timestamp NOT NULL) 
  [1m[36m (1.9ms)[0m  [1mCREATE TABLE "schema_migrations" ("version" character varying NOT NULL) [0m
  [1m[35m (1.0ms)[0m  CREATE UNIQUE INDEX  "unique_schema_migrations" ON "schema_migrations"  ("version")
  [1m[36m (0.3ms)[0m  [1mSELECT version FROM "schema_migrations"[0m
  [1m[35m (0.4ms)[0m  INSERT INTO "schema_migrations" (version) VALUES ('20160804125021')
  [1m[36m (119.1ms)[0m  [1mDROP DATABASE IF EXISTS "dummy_test"[0m
  [1m[35m (231.9ms)[0m  CREATE DATABASE "dummy_test" ENCODING = 'unicode'
  [1m[36mSQL (0.3ms)[0m  [1mCREATE EXTENSION IF NOT EXISTS "plpgsql"[0m
  [1m[35m (6.8ms)[0m  CREATE TABLE "users" ("id" serial primary key, "first_name" character varying, "last_name" character varying, "phone_number" character varying, "email" character varying, "employee_number" character varying, "organization_id" integer, "role" character varying, "created_at" timestamp NOT NULL, "updated_at" timestamp NOT NULL) 
  [1m[36m (1.9ms)[0m  [1mCREATE TABLE "schema_migrations" ("version" character varying NOT NULL) [0m
  [1m[35m (1.1ms)[0m  CREATE UNIQUE INDEX  "unique_schema_migrations" ON "schema_migrations"  ("version")
  [1m[36m (0.3ms)[0m  [1mSELECT version FROM "schema_migrations"[0m
  [1m[35m (0.7ms)[0m  INSERT INTO "schema_migrations" (version) VALUES ('20160804125021')
  [1m[36m (118.3ms)[0m  [1mDROP DATABASE IF EXISTS "dummy_test"[0m
  [1m[35m (230.9ms)[0m  CREATE DATABASE "dummy_test" ENCODING = 'unicode'
  [1m[36mSQL (0.3ms)[0m  [1mCREATE EXTENSION IF NOT EXISTS "plpgsql"[0m
  [1m[35m (5.5ms)[0m  CREATE TABLE "users" ("id" serial primary key, "first_name" character varying, "last_name" character varying, "phone_number" character varying, "email" character varying, "employee_number" character varying, "organization_id" integer, "role" character varying, "created_at" timestamp NOT NULL, "updated_at" timestamp NOT NULL) 
  [1m[36m (2.0ms)[0m  [1mCREATE TABLE "schema_migrations" ("version" character varying NOT NULL) [0m
  [1m[35m (1.1ms)[0m  CREATE UNIQUE INDEX  "unique_schema_migrations" ON "schema_migrations"  ("version")
  [1m[36m (0.3ms)[0m  [1mSELECT version FROM "schema_migrations"[0m
  [1m[35m (0.4ms)[0m  INSERT INTO "schema_migrations" (version) VALUES ('20160804125021')
  [1m[36m (117.8ms)[0m  [1mDROP DATABASE IF EXISTS "dummy_test"[0m
  [1m[35m (236.5ms)[0m  CREATE DATABASE "dummy_test" ENCODING = 'unicode'
  [1m[36mSQL (0.4ms)[0m  [1mCREATE EXTENSION IF NOT EXISTS "plpgsql"[0m
  [1m[35m (5.2ms)[0m  CREATE TABLE "users" ("id" serial primary key, "first_name" character varying, "last_name" character varying, "phone_number" character varying, "email" character varying, "employee_number" character varying, "organization_id" integer, "role" character varying, "created_at" timestamp NOT NULL, "updated_at" timestamp NOT NULL) 
  [1m[36m (2.4ms)[0m  [1mCREATE TABLE "schema_migrations" ("version" character varying NOT NULL) [0m
  [1m[35m (1.1ms)[0m  CREATE UNIQUE INDEX  "unique_schema_migrations" ON "schema_migrations"  ("version")
  [1m[36m (0.3ms)[0m  [1mSELECT version FROM "schema_migrations"[0m
  [1m[35m (0.3ms)[0m  INSERT INTO "schema_migrations" (version) VALUES ('20160804125021')
  [1m[36m (117.3ms)[0m  [1mDROP DATABASE IF EXISTS "dummy_test"[0m
  [1m[35m (235.5ms)[0m  CREATE DATABASE "dummy_test" ENCODING = 'unicode'
  [1m[36mSQL (0.3ms)[0m  [1mCREATE EXTENSION IF NOT EXISTS "plpgsql"[0m
  [1m[35m (6.4ms)[0m  CREATE TABLE "users" ("id" serial primary key, "first_name" character varying, "last_name" character varying, "phone_number" character varying, "email" character varying, "employee_number" character varying, "organization_id" integer, "role" character varying, "created_at" timestamp NOT NULL, "updated_at" timestamp NOT NULL) 
  [1m[36m (2.0ms)[0m  [1mCREATE TABLE "schema_migrations" ("version" character varying NOT NULL) [0m
  [1m[35m (1.1ms)[0m  CREATE UNIQUE INDEX  "unique_schema_migrations" ON "schema_migrations"  ("version")
  [1m[36m (0.3ms)[0m  [1mSELECT version FROM "schema_migrations"[0m
  [1m[35m (0.4ms)[0m  INSERT INTO "schema_migrations" (version) VALUES ('20160804125021')
  [1m[36m (116.7ms)[0m  [1mDROP DATABASE IF EXISTS "dummy_test"[0m
  [1m[35m (236.9ms)[0m  CREATE DATABASE "dummy_test" ENCODING = 'unicode'
  [1m[36mSQL (0.4ms)[0m  [1mCREATE EXTENSION IF NOT EXISTS "plpgsql"[0m
  [1m[35m (17.0ms)[0m  CREATE TABLE "users" ("id" serial primary key, "first_name" character varying, "last_name" character varying, "phone_number" character varying, "email" character varying, "employee_number" character varying, "organization_id" integer, "role" character varying, "created_at" timestamp NOT NULL, "updated_at" timestamp NOT NULL) 
  [1m[36m (1.9ms)[0m  [1mCREATE TABLE "schema_migrations" ("version" character varying NOT NULL) [0m
  [1m[35m (1.0ms)[0m  CREATE UNIQUE INDEX  "unique_schema_migrations" ON "schema_migrations"  ("version")
  [1m[36m (0.3ms)[0m  [1mSELECT version FROM "schema_migrations"[0m
  [1m[35m (0.5ms)[0m  INSERT INTO "schema_migrations" (version) VALUES ('20160804125021')
  [1m[36m (118.2ms)[0m  [1mDROP DATABASE IF EXISTS "dummy_test"[0m
  [1m[35m (239.0ms)[0m  CREATE DATABASE "dummy_test" ENCODING = 'unicode'
  [1m[36mSQL (0.4ms)[0m  [1mCREATE EXTENSION IF NOT EXISTS "plpgsql"[0m
  [1m[35m (5.4ms)[0m  CREATE TABLE "users" ("id" serial primary key, "first_name" character varying, "last_name" character varying, "phone_number" character varying, "email" character varying, "employee_number" character varying, "organization_id" integer, "role" character varying, "created_at" timestamp NOT NULL, "updated_at" timestamp NOT NULL) 
  [1m[36m (2.6ms)[0m  [1mCREATE TABLE "schema_migrations" ("version" character varying NOT NULL) [0m
  [1m[35m (1.3ms)[0m  CREATE UNIQUE INDEX  "unique_schema_migrations" ON "schema_migrations"  ("version")
  [1m[36m (0.4ms)[0m  [1mSELECT version FROM "schema_migrations"[0m
  [1m[35m (0.5ms)[0m  INSERT INTO "schema_migrations" (version) VALUES ('20160804125021')
  [1m[36m (118.8ms)[0m  [1mDROP DATABASE IF EXISTS "dummy_test"[0m
  [1m[35m (240.2ms)[0m  CREATE DATABASE "dummy_test" ENCODING = 'unicode'
  [1m[36mSQL (0.3ms)[0m  [1mCREATE EXTENSION IF NOT EXISTS "plpgsql"[0m
  [1m[35m (5.3ms)[0m  CREATE TABLE "users" ("id" serial primary key, "first_name" character varying, "last_name" character varying, "phone_number" character varying, "email" character varying, "employee_number" character varying, "organization_id" integer, "role" character varying, "created_at" timestamp NOT NULL, "updated_at" timestamp NOT NULL) 
  [1m[36m (2.0ms)[0m  [1mCREATE TABLE "schema_migrations" ("version" character varying NOT NULL) [0m
  [1m[35m (1.1ms)[0m  CREATE UNIQUE INDEX  "unique_schema_migrations" ON "schema_migrations"  ("version")
  [1m[36m (0.3ms)[0m  [1mSELECT version FROM "schema_migrations"[0m
  [1m[35m (0.4ms)[0m  INSERT INTO "schema_migrations" (version) VALUES ('20160804125021')
  [1m[36m (117.9ms)[0m  [1mDROP DATABASE IF EXISTS "dummy_test"[0m
  [1m[35m (242.4ms)[0m  CREATE DATABASE "dummy_test" ENCODING = 'unicode'
  [1m[36mSQL (0.3ms)[0m  [1mCREATE EXTENSION IF NOT EXISTS "plpgsql"[0m
  [1m[35m (6.5ms)[0m  CREATE TABLE "users" ("id" serial primary key, "first_name" character varying, "last_name" character varying, "phone_number" character varying, "email" character varying, "employee_number" character varying, "organization_id" integer, "role" character varying, "created_at" timestamp NOT NULL, "updated_at" timestamp NOT NULL) 
  [1m[36m (2.0ms)[0m  [1mCREATE TABLE "schema_migrations" ("version" character varying NOT NULL) [0m
  [1m[35m (1.0ms)[0m  CREATE UNIQUE INDEX  "unique_schema_migrations" ON "schema_migrations"  ("version")
  [1m[36m (0.4ms)[0m  [1mSELECT version FROM "schema_migrations"[0m
  [1m[35m (0.4ms)[0m  INSERT INTO "schema_migrations" (version) VALUES ('20160804125021')
  [1m[36m (117.4ms)[0m  [1mDROP DATABASE IF EXISTS "dummy_test"[0m
  [1m[35m (236.4ms)[0m  CREATE DATABASE "dummy_test" ENCODING = 'unicode'
  [1m[36mSQL (0.3ms)[0m  [1mCREATE EXTENSION IF NOT EXISTS "plpgsql"[0m
  [1m[35m (5.4ms)[0m  CREATE TABLE "users" ("id" serial primary key, "first_name" character varying, "last_name" character varying, "phone_number" character varying, "email" character varying, "employee_number" character varying, "organization_id" integer, "role" character varying, "created_at" timestamp NOT NULL, "updated_at" timestamp NOT NULL) 
  [1m[36m (1.9ms)[0m  [1mCREATE TABLE "schema_migrations" ("version" character varying NOT NULL) [0m
  [1m[35m (1.1ms)[0m  CREATE UNIQUE INDEX  "unique_schema_migrations" ON "schema_migrations"  ("version")
  [1m[36m (0.4ms)[0m  [1mSELECT version FROM "schema_migrations"[0m
  [1m[35m (0.4ms)[0m  INSERT INTO "schema_migrations" (version) VALUES ('20160804125021')
  [1m[36m (116.8ms)[0m  [1mDROP DATABASE IF EXISTS "dummy_test"[0m
  [1m[35m (236.2ms)[0m  CREATE DATABASE "dummy_test" ENCODING = 'unicode'
  [1m[36mSQL (0.4ms)[0m  [1mCREATE EXTENSION IF NOT EXISTS "plpgsql"[0m
  [1m[35m (7.4ms)[0m  CREATE TABLE "users" ("id" serial primary key, "first_name" character varying, "last_name" character varying, "phone_number" character varying, "email" character varying, "employee_number" character varying, "organization_id" integer, "role" character varying, "created_at" timestamp NOT NULL, "updated_at" timestamp NOT NULL) 
  [1m[36m (2.6ms)[0m  [1mCREATE TABLE "schema_migrations" ("version" character varying NOT NULL) [0m
  [1m[35m (1.3ms)[0m  CREATE UNIQUE INDEX  "unique_schema_migrations" ON "schema_migrations"  ("version")
  [1m[36m (0.4ms)[0m  [1mSELECT version FROM "schema_migrations"[0m
  [1m[35m (0.4ms)[0m  INSERT INTO "schema_migrations" (version) VALUES ('20160804125021')
  [1m[36m (117.7ms)[0m  [1mDROP DATABASE IF EXISTS "dummy_test"[0m
  [1m[35m (235.4ms)[0m  CREATE DATABASE "dummy_test" ENCODING = 'unicode'
  [1m[36mSQL (0.3ms)[0m  [1mCREATE EXTENSION IF NOT EXISTS "plpgsql"[0m
  [1m[35m (5.9ms)[0m  CREATE TABLE "users" ("id" serial primary key, "first_name" character varying, "last_name" character varying, "phone_number" character varying, "email" character varying, "employee_number" character varying, "organization_id" integer, "role" character varying, "created_at" timestamp NOT NULL, "updated_at" timestamp NOT NULL) 
  [1m[36m (2.1ms)[0m  [1mCREATE TABLE "schema_migrations" ("version" character varying NOT NULL) [0m
  [1m[35m (1.1ms)[0m  CREATE UNIQUE INDEX  "unique_schema_migrations" ON "schema_migrations"  ("version")
  [1m[36m (0.4ms)[0m  [1mSELECT version FROM "schema_migrations"[0m
  [1m[35m (0.4ms)[0m  INSERT INTO "schema_migrations" (version) VALUES ('20160804125021')
  [1m[36m (117.8ms)[0m  [1mDROP DATABASE IF EXISTS "dummy_test"[0m
  [1m[35m (230.9ms)[0m  CREATE DATABASE "dummy_test" ENCODING = 'unicode'
  [1m[36mSQL (0.3ms)[0m  [1mCREATE EXTENSION IF NOT EXISTS "plpgsql"[0m
  [1m[35m (7.2ms)[0m  CREATE TABLE "users" ("id" serial primary key, "first_name" character varying, "last_name" character varying, "phone_number" character varying, "email" character varying, "employee_number" character varying, "organization_id" integer, "role" character varying, "created_at" timestamp NOT NULL, "updated_at" timestamp NOT NULL) 
  [1m[36m (2.2ms)[0m  [1mCREATE TABLE "schema_migrations" ("version" character varying NOT NULL) [0m
  [1m[35m (1.2ms)[0m  CREATE UNIQUE INDEX  "unique_schema_migrations" ON "schema_migrations"  ("version")
  [1m[36m (0.4ms)[0m  [1mSELECT version FROM "schema_migrations"[0m
  [1m[35m (0.4ms)[0m  INSERT INTO "schema_migrations" (version) VALUES ('20160804125021')
  [1m[36m (117.3ms)[0m  [1mDROP DATABASE IF EXISTS "dummy_test"[0m
  [1m[35m (236.2ms)[0m  CREATE DATABASE "dummy_test" ENCODING = 'unicode'
  [1m[36mSQL (0.3ms)[0m  [1mCREATE EXTENSION IF NOT EXISTS "plpgsql"[0m
  [1m[35m (5.6ms)[0m  CREATE TABLE "users" ("id" serial primary key, "first_name" character varying, "last_name" character varying, "phone_number" character varying, "email" character varying, "employee_number" character varying, "organization_id" integer, "role" character varying, "created_at" timestamp NOT NULL, "updated_at" timestamp NOT NULL) 
  [1m[36m (2.1ms)[0m  [1mCREATE TABLE "schema_migrations" ("version" character varying NOT NULL) [0m
  [1m[35m (1.4ms)[0m  CREATE UNIQUE INDEX  "unique_schema_migrations" ON "schema_migrations"  ("version")
  [1m[36m (0.4ms)[0m  [1mSELECT version FROM "schema_migrations"[0m
  [1m[35m (0.4ms)[0m  INSERT INTO "schema_migrations" (version) VALUES ('20160804125021')
  [1m[36m (117.9ms)[0m  [1mDROP DATABASE IF EXISTS "dummy_test"[0m
  [1m[35m (233.1ms)[0m  CREATE DATABASE "dummy_test" ENCODING = 'unicode'
  [1m[36mSQL (0.3ms)[0m  [1mCREATE EXTENSION IF NOT EXISTS "plpgsql"[0m
  [1m[35m (5.6ms)[0m  CREATE TABLE "users" ("id" serial primary key, "first_name" character varying, "last_name" character varying, "phone_number" character varying, "email" character varying, "employee_number" character varying, "organization_id" integer, "role" character varying, "created_at" timestamp NOT NULL, "updated_at" timestamp NOT NULL) 
  [1m[36m (2.1ms)[0m  [1mCREATE TABLE "schema_migrations" ("version" character varying NOT NULL) [0m
  [1m[35m (1.1ms)[0m  CREATE UNIQUE INDEX  "unique_schema_migrations" ON "schema_migrations"  ("version")
  [1m[36m (0.3ms)[0m  [1mSELECT version FROM "schema_migrations"[0m
  [1m[35m (0.4ms)[0m  INSERT INTO "schema_migrations" (version) VALUES ('20160804125021')
  [1m[36m (118.4ms)[0m  [1mDROP DATABASE IF EXISTS "dummy_test"[0m
  [1m[35m (234.6ms)[0m  CREATE DATABASE "dummy_test" ENCODING = 'unicode'
  [1m[36mSQL (0.3ms)[0m  [1mCREATE EXTENSION IF NOT EXISTS "plpgsql"[0m
  [1m[35m (6.6ms)[0m  CREATE TABLE "users" ("id" serial primary key, "first_name" character varying, "last_name" character varying, "phone_number" character varying, "email" character varying, "employee_number" character varying, "organization_id" integer, "role" character varying, "created_at" timestamp NOT NULL, "updated_at" timestamp NOT NULL) 
  [1m[36m (2.1ms)[0m  [1mCREATE TABLE "schema_migrations" ("version" character varying NOT NULL) [0m
  [1m[35m (1.1ms)[0m  CREATE UNIQUE INDEX  "unique_schema_migrations" ON "schema_migrations"  ("version")
  [1m[36m (0.3ms)[0m  [1mSELECT version FROM "schema_migrations"[0m
  [1m[35m (0.5ms)[0m  INSERT INTO "schema_migrations" (version) VALUES ('20160804125021')
  [1m[36m (118.5ms)[0m  [1mDROP DATABASE IF EXISTS "dummy_test"[0m
  [1m[35m (235.6ms)[0m  CREATE DATABASE "dummy_test" ENCODING = 'unicode'
  [1m[36mSQL (0.3ms)[0m  [1mCREATE EXTENSION IF NOT EXISTS "plpgsql"[0m
  [1m[35m (5.4ms)[0m  CREATE TABLE "users" ("id" serial primary key, "first_name" character varying, "last_name" character varying, "phone_number" character varying, "email" character varying, "employee_number" character varying, "organization_id" integer, "role" character varying, "created_at" timestamp NOT NULL, "updated_at" timestamp NOT NULL) 
  [1m[36m (2.0ms)[0m  [1mCREATE TABLE "schema_migrations" ("version" character varying NOT NULL) [0m
  [1m[35m (1.1ms)[0m  CREATE UNIQUE INDEX  "unique_schema_migrations" ON "schema_migrations"  ("version")
  [1m[36m (0.4ms)[0m  [1mSELECT version FROM "schema_migrations"[0m
  [1m[35m (0.4ms)[0m  INSERT INTO "schema_migrations" (version) VALUES ('20160804125021')
  [1m[36m (118.3ms)[0m  [1mDROP DATABASE IF EXISTS "dummy_test"[0m
  [1m[35m (231.2ms)[0m  CREATE DATABASE "dummy_test" ENCODING = 'unicode'
  [1m[36mSQL (0.3ms)[0m  [1mCREATE EXTENSION IF NOT EXISTS "plpgsql"[0m
  [1m[35m (5.3ms)[0m  CREATE TABLE "users" ("id" serial primary key, "first_name" character varying, "last_name" character varying, "phone_number" character varying, "email" character varying, "employee_number" character varying, "organization_id" integer, "role" character varying, "created_at" timestamp NOT NULL, "updated_at" timestamp NOT NULL) 
  [1m[36m (1.8ms)[0m  [1mCREATE TABLE "schema_migrations" ("version" character varying NOT NULL) [0m
  [1m[35m (1.1ms)[0m  CREATE UNIQUE INDEX  "unique_schema_migrations" ON "schema_migrations"  ("version")
  [1m[36m (0.3ms)[0m  [1mSELECT version FROM "schema_migrations"[0m
  [1m[35m (0.3ms)[0m  INSERT INTO "schema_migrations" (version) VALUES ('20160804125021')
  [1m[36m (117.1ms)[0m  [1mDROP DATABASE IF EXISTS "dummy_test"[0m
  [1m[35m (230.1ms)[0m  CREATE DATABASE "dummy_test" ENCODING = 'unicode'
  [1m[36mSQL (0.3ms)[0m  [1mCREATE EXTENSION IF NOT EXISTS "plpgsql"[0m
  [1m[35m (5.6ms)[0m  CREATE TABLE "users" ("id" serial primary key, "first_name" character varying, "last_name" character varying, "phone_number" character varying, "email" character varying, "employee_number" character varying, "organization_id" integer, "role" character varying, "created_at" timestamp NOT NULL, "updated_at" timestamp NOT NULL) 
  [1m[36m (2.0ms)[0m  [1mCREATE TABLE "schema_migrations" ("version" character varying NOT NULL) [0m
  [1m[35m (1.1ms)[0m  CREATE UNIQUE INDEX  "unique_schema_migrations" ON "schema_migrations"  ("version")
  [1m[36m (0.4ms)[0m  [1mSELECT version FROM "schema_migrations"[0m
  [1m[35m (0.4ms)[0m  INSERT INTO "schema_migrations" (version) VALUES ('20160804125021')
  [1m[36m (118.6ms)[0m  [1mDROP DATABASE IF EXISTS "dummy_test"[0m
  [1m[35m (236.2ms)[0m  CREATE DATABASE "dummy_test" ENCODING = 'unicode'
  [1m[36mSQL (0.3ms)[0m  [1mCREATE EXTENSION IF NOT EXISTS "plpgsql"[0m
  [1m[35m (5.5ms)[0m  CREATE TABLE "users" ("id" serial primary key, "first_name" character varying, "last_name" character varying, "phone_number" character varying, "email" character varying, "employee_number" character varying, "organization_id" integer, "role" character varying, "created_at" timestamp NOT NULL, "updated_at" timestamp NOT NULL) 
  [1m[36m (2.1ms)[0m  [1mCREATE TABLE "schema_migrations" ("version" character varying NOT NULL) [0m
  [1m[35m (1.2ms)[0m  CREATE UNIQUE INDEX  "unique_schema_migrations" ON "schema_migrations"  ("version")
  [1m[36m (0.4ms)[0m  [1mSELECT version FROM "schema_migrations"[0m
  [1m[35m (0.4ms)[0m  INSERT INTO "schema_migrations" (version) VALUES ('20160804125021')
  [1m[36m (120.0ms)[0m  [1mDROP DATABASE IF EXISTS "dummy_test"[0m
  [1m[35m (297.2ms)[0m  CREATE DATABASE "dummy_test" ENCODING = 'unicode'
  [1m[36mSQL (1.2ms)[0m  [1mCREATE EXTENSION IF NOT EXISTS "plpgsql"[0m
  [1m[35m (12.8ms)[0m  CREATE TABLE "users" ("id" serial primary key, "first_name" character varying, "last_name" character varying, "phone_number" character varying, "email" character varying, "employee_number" character varying, "organization_id" integer, "role" character varying, "created_at" timestamp NOT NULL, "updated_at" timestamp NOT NULL) 
  [1m[36m (2.3ms)[0m  [1mCREATE TABLE "schema_migrations" ("version" character varying NOT NULL) [0m
  [1m[35m (1.3ms)[0m  CREATE UNIQUE INDEX  "unique_schema_migrations" ON "schema_migrations"  ("version")
  [1m[36m (0.4ms)[0m  [1mSELECT version FROM "schema_migrations"[0m
  [1m[35m (1.3ms)[0m  INSERT INTO "schema_migrations" (version) VALUES ('20160804125021')
  [1m[36m (119.1ms)[0m  [1mDROP DATABASE IF EXISTS "dummy_test"[0m
  [1m[35m (236.7ms)[0m  CREATE DATABASE "dummy_test" ENCODING = 'unicode'
  [1m[36mSQL (0.3ms)[0m  [1mCREATE EXTENSION IF NOT EXISTS "plpgsql"[0m
  [1m[35m (6.2ms)[0m  CREATE TABLE "users" ("id" serial primary key, "first_name" character varying, "last_name" character varying, "phone_number" character varying, "email" character varying, "employee_number" character varying, "organization_id" integer, "role" character varying, "created_at" timestamp NOT NULL, "updated_at" timestamp NOT NULL) 
  [1m[36m (2.0ms)[0m  [1mCREATE TABLE "schema_migrations" ("version" character varying NOT NULL) [0m
  [1m[35m (1.0ms)[0m  CREATE UNIQUE INDEX  "unique_schema_migrations" ON "schema_migrations"  ("version")
  [1m[36m (0.3ms)[0m  [1mSELECT version FROM "schema_migrations"[0m
  [1m[35m (0.4ms)[0m  INSERT INTO "schema_migrations" (version) VALUES ('20160804125021')
  [1m[36m (118.0ms)[0m  [1mDROP DATABASE IF EXISTS "dummy_test"[0m
  [1m[35m (237.0ms)[0m  CREATE DATABASE "dummy_test" ENCODING = 'unicode'
  [1m[36mSQL (0.3ms)[0m  [1mCREATE EXTENSION IF NOT EXISTS "plpgsql"[0m
  [1m[35m (5.7ms)[0m  CREATE TABLE "users" ("id" serial primary key, "first_name" character varying, "last_name" character varying, "phone_number" character varying, "email" character varying, "employee_number" character varying, "organization_id" integer, "role" character varying, "created_at" timestamp NOT NULL, "updated_at" timestamp NOT NULL) 
  [1m[36m (2.1ms)[0m  [1mCREATE TABLE "schema_migrations" ("version" character varying NOT NULL) [0m
  [1m[35m (1.1ms)[0m  CREATE UNIQUE INDEX  "unique_schema_migrations" ON "schema_migrations"  ("version")
  [1m[36m (0.3ms)[0m  [1mSELECT version FROM "schema_migrations"[0m
  [1m[35m (0.4ms)[0m  INSERT INTO "schema_migrations" (version) VALUES ('20160804125021')
  [1m[36m (118.1ms)[0m  [1mDROP DATABASE IF EXISTS "dummy_test"[0m
  [1m[35m (236.7ms)[0m  CREATE DATABASE "dummy_test" ENCODING = 'unicode'
  [1m[36mSQL (0.3ms)[0m  [1mCREATE EXTENSION IF NOT EXISTS "plpgsql"[0m
  [1m[35m (6.4ms)[0m  CREATE TABLE "users" ("id" serial primary key, "first_name" character varying, "last_name" character varying, "phone_number" character varying, "email" character varying, "employee_number" character varying, "organization_id" integer, "role" character varying, "created_at" timestamp NOT NULL, "updated_at" timestamp NOT NULL) 
  [1m[36m (2.0ms)[0m  [1mCREATE TABLE "schema_migrations" ("version" character varying NOT NULL) [0m
  [1m[35m (1.2ms)[0m  CREATE UNIQUE INDEX  "unique_schema_migrations" ON "schema_migrations"  ("version")
  [1m[36m (0.3ms)[0m  [1mSELECT version FROM "schema_migrations"[0m
  [1m[35m (0.4ms)[0m  INSERT INTO "schema_migrations" (version) VALUES ('20160804125021')
  [1m[36m (118.7ms)[0m  [1mDROP DATABASE IF EXISTS "dummy_test"[0m
  [1m[35m (233.5ms)[0m  CREATE DATABASE "dummy_test" ENCODING = 'unicode'
  [1m[36mSQL (0.3ms)[0m  [1mCREATE EXTENSION IF NOT EXISTS "plpgsql"[0m
  [1m[35m (6.5ms)[0m  CREATE TABLE "users" ("id" serial primary key, "first_name" character varying, "last_name" character varying, "phone_number" character varying, "email" character varying, "employee_number" character varying, "organization_id" integer, "role" character varying, "created_at" timestamp NOT NULL, "updated_at" timestamp NOT NULL) 
  [1m[36m (2.1ms)[0m  [1mCREATE TABLE "schema_migrations" ("version" character varying NOT NULL) [0m
  [1m[35m (1.3ms)[0m  CREATE UNIQUE INDEX  "unique_schema_migrations" ON "schema_migrations"  ("version")
  [1m[36m (0.4ms)[0m  [1mSELECT version FROM "schema_migrations"[0m
  [1m[35m (0.4ms)[0m  INSERT INTO "schema_migrations" (version) VALUES ('20160804125021')
  [1m[36m (118.0ms)[0m  [1mDROP DATABASE IF EXISTS "dummy_test"[0m
  [1m[35m (234.5ms)[0m  CREATE DATABASE "dummy_test" ENCODING = 'unicode'
  [1m[36mSQL (0.3ms)[0m  [1mCREATE EXTENSION IF NOT EXISTS "plpgsql"[0m
  [1m[35m (5.1ms)[0m  CREATE TABLE "users" ("id" serial primary key, "first_name" character varying, "last_name" character varying, "phone_number" character varying, "email" character varying, "employee_number" character varying, "organization_id" integer, "role" character varying, "created_at" timestamp NOT NULL, "updated_at" timestamp NOT NULL) 
  [1m[36m (2.1ms)[0m  [1mCREATE TABLE "schema_migrations" ("version" character varying NOT NULL) [0m
  [1m[35m (1.3ms)[0m  CREATE UNIQUE INDEX  "unique_schema_migrations" ON "schema_migrations"  ("version")
  [1m[36m (0.4ms)[0m  [1mSELECT version FROM "schema_migrations"[0m
  [1m[35m (0.4ms)[0m  INSERT INTO "schema_migrations" (version) VALUES ('20160804125021')
  [1m[36m (116.1ms)[0m  [1mDROP DATABASE IF EXISTS "dummy_test"[0m
  [1m[35m (236.2ms)[0m  CREATE DATABASE "dummy_test" ENCODING = 'unicode'
  [1m[36mSQL (0.5ms)[0m  [1mCREATE EXTENSION IF NOT EXISTS "plpgsql"[0m
  [1m[35m (5.3ms)[0m  CREATE TABLE "users" ("id" serial primary key, "first_name" character varying, "last_name" character varying, "phone_number" character varying, "email" character varying, "employee_number" character varying, "organization_id" integer, "role" character varying, "created_at" timestamp NOT NULL, "updated_at" timestamp NOT NULL) 
  [1m[36m (2.0ms)[0m  [1mCREATE TABLE "schema_migrations" ("version" character varying NOT NULL) [0m
  [1m[35m (1.0ms)[0m  CREATE UNIQUE INDEX  "unique_schema_migrations" ON "schema_migrations"  ("version")
  [1m[36m (0.3ms)[0m  [1mSELECT version FROM "schema_migrations"[0m
  [1m[35m (0.4ms)[0m  INSERT INTO "schema_migrations" (version) VALUES ('20160804125021')
  [1m[36m (117.1ms)[0m  [1mDROP DATABASE IF EXISTS "dummy_test"[0m
  [1m[35m (236.9ms)[0m  CREATE DATABASE "dummy_test" ENCODING = 'unicode'
  [1m[36mSQL (0.3ms)[0m  [1mCREATE EXTENSION IF NOT EXISTS "plpgsql"[0m
  [1m[35m (5.8ms)[0m  CREATE TABLE "users" ("id" serial primary key, "first_name" character varying, "last_name" character varying, "phone_number" character varying, "email" character varying, "employee_number" character varying, "organization_id" integer, "role" character varying, "created_at" timestamp NOT NULL, "updated_at" timestamp NOT NULL) 
  [1m[36m (2.5ms)[0m  [1mCREATE TABLE "schema_migrations" ("version" character varying NOT NULL) [0m
  [1m[35m (1.2ms)[0m  CREATE UNIQUE INDEX  "unique_schema_migrations" ON "schema_migrations"  ("version")
  [1m[36m (0.4ms)[0m  [1mSELECT version FROM "schema_migrations"[0m
  [1m[35m (0.5ms)[0m  INSERT INTO "schema_migrations" (version) VALUES ('20160804125021')
